<?xml version="1.0" encoding="UTF-8"?>
<!-- Generated by org.testng.reporters.JUnitReportReporter -->
<testsuite hostname="LAPTOP-C18KVD55" failures="0" tests="1" name="OpenLinkInNewTabTest" time="52.162" errors="0" timestamp="2024-03-25T17:46:48 IST" skipped="0">
  <testcase classname="OpenLinkInNewTabTest" name="openLinkInNewTab" time="52.162"/>
  <system-out/>
</testsuite> <!-- OpenLinkInNewTabTest -->
